<?xml version="1.0" encoding="UTF-8"?>
<!-- Generated by org.testng.reporters.JUnitReportReporter -->
<testsuite hostname="DESKTOP-35MBEFV" failures="0" tests="3" name="testcases.ZerodhaLoginPageTest" time="64.166" errors="0" timestamp="2022-06-18T23:38:17 IST" skipped="0">
  <testcase classname="testcases.ZerodhaLoginPageTest" name="clickonsignupTest" time="18.046"/>
  <system-out/>
  <testcase classname="testcases.ZerodhaLoginPageTest" name="clickonforgotlinkTest" time="23.238"/>
  <system-out/>
  <testcase classname="testcases.ZerodhaLoginPageTest" name="loginwithvalidcredentialsTest" time="22.882"/>
  <system-out/>
</testsuite> <!-- testcases.ZerodhaLoginPageTest -->
