<?xml version="1.0" encoding="UTF-8"?>
<!-- Generated by org.testng.reporters.JUnitReportReporter -->
<testsuite hostname="DESKTOP-35MBEFV" failures="0" tests="1" name="testcases.ZerodhaSignupPageTest" time="36.186" errors="0" timestamp="2022-06-09T10:26:04 IST" skipped="0">
  <testcase classname="testcases.ZerodhaSignupPageTest" name="signuptozerodha" time="36.186"/>
  <system-out/>
</testsuite> <!-- testcases.ZerodhaSignupPageTest -->
